<?xml version="1.0" encoding="UTF-8"?>
<testng-results ignored="0" total="13" passed="13" failed="0" skipped="0">
  <reporter-output>
  </reporter-output>
  <suite started-at="2024-08-11T21:42:18 IST" name="Surefire suite" finished-at="2024-08-11T21:43:48 IST" duration-ms="89817">
    <groups>
      <group name="cucumber">
        <method signature="AbstractTestNGCucumberTests.runScenario(io.cucumber.testng.PickleWrapper,io.cucumber.testng.FeatureWrapper)[pri:0, instance:parallel.ParallelTestRunner2@14dd9eb7]" name="runScenario" class="io.cucumber.testng.AbstractTestNGCucumberTests"/>
      </group> <!-- cucumber -->
    </groups>
    <test started-at="2024-08-11T21:42:18 IST" name="Surefire test" finished-at="2024-08-11T21:43:48 IST" duration-ms="89817">
      <class name="parallel.ParallelTestRunner2">
        <test-method is-config="true" signature="setUpClass(org.testng.ITestContext)[pri:0, instance:parallel.ParallelTestRunner2@14dd9eb7]" started-at="2024-08-11T21:42:18 IST" name="setUpClass" finished-at="2024-08-11T21:42:20 IST" duration-ms="1344" status="PASS">
          <params>
            <param index="0">
              <value>
                <![CDATA[org.testng.TestRunner@2002fc1d]]>
              </value>
            </param>
          </params>
          <reporter-output>
          </reporter-output>
        </test-method> <!-- setUpClass -->
        <test-method signature="runScenario(io.cucumber.testng.PickleWrapper,io.cucumber.testng.FeatureWrapper)[pri:0, instance:parallel.ParallelTestRunner2@14dd9eb7]" started-at="2024-08-11T21:42:20 IST" name="runScenario" description="Runs Cucumber Scenarios" data-provider="scenarios" finished-at="2024-08-11T21:43:15 IST" duration-ms="55370" status="PASS">
          <params>
            <param index="0">
              <value>
                <![CDATA["Verify that "Please enter a valid email address (Ex: johndoe@domain.com)." error message is displayed under Email textbox provided user enters Invalid email address in email textbox and clicks on Reset My Password button"]]>
              </value>
            </param>
            <param index="1">
              <value>
                <![CDATA["Forgot Password"]]>
              </value>
            </param>
          </params>
          <reporter-output>
          </reporter-output>
        </test-method> <!-- runScenario -->
        <test-method signature="runScenario(io.cucumber.testng.PickleWrapper,io.cucumber.testng.FeatureWrapper)[pri:0, instance:parallel.ParallelTestRunner2@14dd9eb7]" started-at="2024-08-11T21:42:20 IST" name="runScenario" description="Runs Cucumber Scenarios" data-provider="scenarios" finished-at="2024-08-11T21:43:23 IST" duration-ms="62872" status="PASS">
          <params>
            <param index="0">
              <value>
                <![CDATA["Verify that "Please enter a valid email address (Ex: johndoe@domain.com)." error message is displayed under Email textbox provided user enters Invalid email address in email textbox and clicks on Reset My Password button"]]>
              </value>
            </param>
            <param index="1">
              <value>
                <![CDATA["Forgot Password"]]>
              </value>
            </param>
          </params>
          <reporter-output>
          </reporter-output>
        </test-method> <!-- runScenario -->
        <test-method signature="runScenario(io.cucumber.testng.PickleWrapper,io.cucumber.testng.FeatureWrapper)[pri:0, instance:parallel.ParallelTestRunner2@14dd9eb7]" started-at="2024-08-11T21:42:20 IST" name="runScenario" description="Runs Cucumber Scenarios" data-provider="scenarios" finished-at="2024-08-11T21:43:22 IST" duration-ms="61838" status="PASS">
          <params>
            <param index="0">
              <value>
                <![CDATA["Validate that Sign-In page title is "Customer Login""]]>
              </value>
            </param>
            <param index="1">
              <value>
                <![CDATA["SignIn"]]>
              </value>
            </param>
          </params>
          <reporter-output>
          </reporter-output>
        </test-method> <!-- runScenario -->
        <test-method signature="runScenario(io.cucumber.testng.PickleWrapper,io.cucumber.testng.FeatureWrapper)[pri:0, instance:parallel.ParallelTestRunner2@14dd9eb7]" started-at="2024-08-11T21:42:20 IST" name="runScenario" description="Runs Cucumber Scenarios" data-provider="scenarios" finished-at="2024-08-11T21:43:25 IST" duration-ms="64829" status="PASS">
          <params>
            <param index="0">
              <value>
                <![CDATA["Verify that user gets below mentioned labels/Fields on "Forgot Password' webpage Labels,"Forgot Password" button,"Please enter your email address below to receive a password reset link.", "Email" ( with *) and "Reset my Password" button"]]>
              </value>
            </param>
            <param index="1">
              <value>
                <![CDATA["Forgot Password"]]>
              </value>
            </param>
          </params>
          <reporter-output>
          </reporter-output>
        </test-method> <!-- runScenario -->
        <test-method signature="runScenario(io.cucumber.testng.PickleWrapper,io.cucumber.testng.FeatureWrapper)[pri:0, instance:parallel.ParallelTestRunner2@14dd9eb7]" started-at="2024-08-11T21:42:20 IST" name="runScenario" description="Runs Cucumber Scenarios" data-provider="scenarios" finished-at="2024-08-11T21:43:22 IST" duration-ms="62319" status="PASS">
          <params>
            <param index="0">
              <value>
                <![CDATA["Verify that "If there is an account associated with <entered email address> you will receive an email with a link to reset your password." message is displayed provided user enters valid email address in email address textbox followed by click on Rest my account button"]]>
              </value>
            </param>
            <param index="1">
              <value>
                <![CDATA["Forgot Password"]]>
              </value>
            </param>
          </params>
          <reporter-output>
          </reporter-output>
        </test-method> <!-- runScenario -->
        <test-method signature="runScenario(io.cucumber.testng.PickleWrapper,io.cucumber.testng.FeatureWrapper)[pri:0, instance:parallel.ParallelTestRunner2@14dd9eb7]" started-at="2024-08-11T21:42:20 IST" name="runScenario" description="Runs Cucumber Scenarios" data-provider="scenarios" finished-at="2024-08-11T21:43:25 IST" duration-ms="64919" status="PASS">
          <params>
            <param index="0">
              <value>
                <![CDATA["Verify that "If there is an account associated with <entered email address> you will receive an email with a link to reset your password." message is displayed provided user enters valid email address in email address textbox followed by click on Rest my account button"]]>
              </value>
            </param>
            <param index="1">
              <value>
                <![CDATA["Forgot Password"]]>
              </value>
            </param>
          </params>
          <reporter-output>
          </reporter-output>
        </test-method> <!-- runScenario -->
        <test-method signature="runScenario(io.cucumber.testng.PickleWrapper,io.cucumber.testng.FeatureWrapper)[pri:0, instance:parallel.ParallelTestRunner2@14dd9eb7]" started-at="2024-08-11T21:42:20 IST" name="runScenario" description="Runs Cucumber Scenarios" data-provider="scenarios" finished-at="2024-08-11T21:43:31 IST" duration-ms="71462" status="PASS">
          <params>
            <param index="0">
              <value>
                <![CDATA["Validate that user logs in successfully using valid credentials"]]>
              </value>
            </param>
            <param index="1">
              <value>
                <![CDATA["SignIn"]]>
              </value>
            </param>
          </params>
          <reporter-output>
          </reporter-output>
        </test-method> <!-- runScenario -->
        <test-method signature="runScenario(io.cucumber.testng.PickleWrapper,io.cucumber.testng.FeatureWrapper)[pri:0, instance:parallel.ParallelTestRunner2@14dd9eb7]" started-at="2024-08-11T21:42:20 IST" name="runScenario" description="Runs Cucumber Scenarios" data-provider="scenarios" finished-at="2024-08-11T21:43:24 IST" duration-ms="64725" status="PASS">
          <params>
            <param index="0">
              <value>
                <![CDATA["Validate that Sign-In page form contains below elements:-"]]>
              </value>
            </param>
            <param index="1">
              <value>
                <![CDATA["SignIn"]]>
              </value>
            </param>
          </params>
          <reporter-output>
          </reporter-output>
        </test-method> <!-- runScenario -->
        <test-method signature="runScenario(io.cucumber.testng.PickleWrapper,io.cucumber.testng.FeatureWrapper)[pri:0, instance:parallel.ParallelTestRunner2@14dd9eb7]" started-at="2024-08-11T21:42:20 IST" name="runScenario" description="Runs Cucumber Scenarios" data-provider="scenarios" finished-at="2024-08-11T21:43:26 IST" duration-ms="66162" status="PASS">
          <params>
            <param index="0">
              <value>
                <![CDATA["Verify that "This is a required field." error message is displayed under all Mandatory fields provded user clicks on "Reset my password" button without entering any value in Mandatory field textbox."]]>
              </value>
            </param>
            <param index="1">
              <value>
                <![CDATA["Forgot Password"]]>
              </value>
            </param>
          </params>
          <reporter-output>
          </reporter-output>
        </test-method> <!-- runScenario -->
        <test-method signature="runScenario(io.cucumber.testng.PickleWrapper,io.cucumber.testng.FeatureWrapper)[pri:0, instance:parallel.ParallelTestRunner2@14dd9eb7]" started-at="2024-08-11T21:42:20 IST" name="runScenario" description="Runs Cucumber Scenarios" data-provider="scenarios" finished-at="2024-08-11T21:43:20 IST" duration-ms="60165" status="PASS">
          <params>
            <param index="0">
              <value>
                <![CDATA["Verify that title of Forgot Password page is "Forgot Your Password?""]]>
              </value>
            </param>
            <param index="1">
              <value>
                <![CDATA["Forgot Password"]]>
              </value>
            </param>
          </params>
          <reporter-output>
          </reporter-output>
        </test-method> <!-- runScenario -->
        <test-method signature="runScenario(io.cucumber.testng.PickleWrapper,io.cucumber.testng.FeatureWrapper)[pri:0, instance:parallel.ParallelTestRunner2@14dd9eb7]" started-at="2024-08-11T21:43:15 IST" name="runScenario" description="Runs Cucumber Scenarios" data-provider="scenarios" finished-at="2024-08-11T21:43:35 IST" duration-ms="19734" status="PASS">
          <params>
            <param index="0">
              <value>
                <![CDATA["Validate that user logs in successfully using valid credentials"]]>
              </value>
            </param>
            <param index="1">
              <value>
                <![CDATA["SignIn"]]>
              </value>
            </param>
          </params>
          <reporter-output>
          </reporter-output>
        </test-method> <!-- runScenario -->
        <test-method signature="runScenario(io.cucumber.testng.PickleWrapper,io.cucumber.testng.FeatureWrapper)[pri:0, instance:parallel.ParallelTestRunner2@14dd9eb7]" started-at="2024-08-11T21:43:20 IST" name="runScenario" description="Runs Cucumber Scenarios" data-provider="scenarios" finished-at="2024-08-11T21:43:39 IST" duration-ms="19193" status="PASS">
          <params>
            <param index="0">
              <value>
                <![CDATA["Validate that user is not able to login using invalid credentials"]]>
              </value>
            </param>
            <param index="1">
              <value>
                <![CDATA["SignIn"]]>
              </value>
            </param>
          </params>
          <reporter-output>
          </reporter-output>
        </test-method> <!-- runScenario -->
        <test-method signature="runScenario(io.cucumber.testng.PickleWrapper,io.cucumber.testng.FeatureWrapper)[pri:0, instance:parallel.ParallelTestRunner2@14dd9eb7]" started-at="2024-08-11T21:43:22 IST" name="runScenario" description="Runs Cucumber Scenarios" data-provider="scenarios" finished-at="2024-08-11T21:43:39 IST" duration-ms="17156" status="PASS">
          <params>
            <param index="0">
              <value>
                <![CDATA["Validate that user is not able to login using invalid credentials"]]>
              </value>
            </param>
            <param index="1">
              <value>
                <![CDATA["SignIn"]]>
              </value>
            </param>
          </params>
          <reporter-output>
          </reporter-output>
        </test-method> <!-- runScenario -->
        <test-method is-config="true" signature="tearDownClass()[pri:0, instance:parallel.ParallelTestRunner2@14dd9eb7]" started-at="2024-08-11T21:43:39 IST" name="tearDownClass" finished-at="2024-08-11T21:43:48 IST" duration-ms="9021" status="PASS">
          <reporter-output>
          </reporter-output>
        </test-method> <!-- tearDownClass -->
      </class> <!-- parallel.ParallelTestRunner2 -->
    </test> <!-- Surefire test -->
  </suite> <!-- Surefire suite -->
</testng-results>
