<?xml version="1.0" encoding="UTF-8"?>
<testsuite xmlns:xsi="http://www.w3.org/2001/XMLSchema-instance" xsi:noNamespaceSchemaLocation="https://maven.apache.org/surefire/maven-surefire-plugin/xsd/surefire-test-report-3.0.xsd" version="3.0" name="parallel.ParallelTestRunner2" time="90.961" tests="13" errors="0" skipped="0" failures="0">
  <properties>
[...]
</properties>
  <testcase name="runScenario[&quot;Verify that &quot;Please enter a valid email address (Ex: johndoe@domain.com).&quot; error message is displayed under Email textbox provided user enters Invalid email address in email textbox and clicks on Reset My Password button&quot;, &quot;Forgot Password&quot;](1)" classname="parallel.ParallelTestRunner2" time="55.455">
    <system-out><![CDATA[
Scenario: Verify that title of Forgot Password page is "Forgot Your Password?" &amp#27;[90m# src/test/resources/parallel/ForgotPassword.feature:6&amp#27;[0m

Scenario: Validate that Sign-In page title is "Customer Login" &amp#27;[90m# src/test/resources/parallel/SignIn.feature:25&amp#27;[0m

Scenario Outline: Validate that user logs in successfully using valid credentials &amp#27;[90m# src/test/resources/parallel/SignIn.feature:55&amp#27;[0m

Scenario Outline: Verify that "If there is an account associated with <entered email address> you will receive an email with a link to reset your password." message is displayed provided user enters valid email address in email address textbox followed by click on Rest my account button &amp#27;[90m# src/test/resources/parallel/ForgotPassword.feature:41&amp#27;[0m

Scenario Outline: Verify that "If there is an account associated with <entered email address> you will receive an email with a link to reset your password." message is displayed provided user enters valid email address in email address textbox followed by click on Rest my account button &amp#27;[90m# src/test/resources/parallel/ForgotPassword.feature:42&amp#27;[0m

Scenario Outline: Verify that "Please enter a valid email address (Ex: johndoe@domain.com)." error message is displayed under Email textbox provided user enters Invalid email address in email textbox and clicks on Reset My Password button &amp#27;[90m# src/test/resources/parallel/ForgotPassword.feature:30&amp#27;[0m

Scenario: Verify that "This is a required field." error message is displayed under all Mandatory fields provded user clicks on "Reset my password" button without entering any value in Mandatory field textbox. &amp#27;[90m# src/test/resources/parallel/ForgotPassword.feature:17&amp#27;[0m

Scenario Outline: Verify that "Please enter a valid email address (Ex: johndoe@domain.com)." error message is displayed under Email textbox provided user enters Invalid email address in email textbox and clicks on Reset My Password button &amp#27;[90m# src/test/resources/parallel/ForgotPassword.feature:29&amp#27;[0m

Scenario: Validate that Sign-In page form contains below elements:- &amp#27;[90m# src/test/resources/parallel/SignIn.feature:30&amp#27;[0m

Scenario: Verify that user gets below mentioned labels/Fields on "Forgot Password' webpage Labels,"Forgot Password" button,"Please enter your email address below to receive a password reset link.", "Email" ( with *) and "Reset my Password" button &amp#27;[90m# src/test/resources/parallel/ForgotPassword.feature:10&amp#27;[0m
Properties got loaded successfully
Properties got loaded successfully
Properties got loaded successfully
Properties got loaded successfully
Properties got loaded successfully
Properties got loaded successfully
Properties got loaded successfully
Properties got loaded successfully
Properties got loaded successfully
Properties got loaded successfully
Properties got loaded successfully
Properties got loaded successfully
Properties got loaded successfully
Properties got loaded successfully
Properties got loaded successfully
Properties got loaded successfully
  &amp#27;[32mGiven &amp#27;[0m&amp#27;[32mUser is on Forgot Password page&amp#27;[0m                                                                                                                                                                                                                                                         &amp#27;[90m# parallel.Background_StepDefinitions.user_is_on_forgot_password_page()&amp#27;[0m
Properties got loaded successfully
Properties got loaded successfully
Properties got loaded successfully
Properties got loaded successfully
Properties got loaded successfully
Properties got loaded successfully
Properties got loaded successfully
  &amp#27;[32mGiven &amp#27;[0m&amp#27;[32mUser is on Forgot Password page&amp#27;[0m                                        &amp#27;[90m# parallel.Background_StepDefinitions.user_is_on_forgot_password_page()&amp#27;[0m
  &amp#27;[32mGiven &amp#27;[0m&amp#27;[32mUser is on Forgot Password page&amp#27;[0m                                                                                                                                                                          &amp#27;[90m# parallel.Background_StepDefinitions.user_is_on_forgot_password_page()&amp#27;[0m
Properties got loaded successfully
Properties got loaded successfully
Properties got loaded successfully
Properties got loaded successfully
Properties got loaded successfully
  &amp#27;[32mWhen &amp#27;[0m&amp#27;[32mUser clicks on &amp#27;[0m&amp#27;[32m&amp#27;[1m"Reset My Password"&amp#27;[0m&amp#27;[32m button&amp#27;[0m                                                                                                                                                                 &amp#27;[90m# parallel.ForgotPassword_StepDefinitions.user_clicks_on_button(java.lang.String)&amp#27;[0m
  &amp#27;[32mThen &amp#27;[0m&amp#27;[32m&amp#27;[0m&amp#27;[32m&amp#27;[1m"This is a required field."&amp#27;[0m&amp#27;[32m is displayed under Email textbox&amp#27;[0m                                                                                                                                              &amp#27;[90m# parallel.ForgotPassword_StepDefinitions.user_gets_error_email(java.lang.String)&amp#27;[0m
Before Formatting: 2024-08-11T21:42:58.605473400
After Formatting: 11-08-2024_21-42-58
Number of rows :3 and number of cols :1
Properties got loaded successfully
Properties got loaded successfully
Properties got loaded successfully
Properties got loaded successfully
  &amp#27;[32mGiven &amp#27;[0m&amp#27;[32mUser is on Forgot Password page&amp#27;[0m                                                                                                                                                                                                        &amp#27;[90m# parallel.Background_StepDefinitions.user_is_on_forgot_password_page()&amp#27;[0m
Properties got loaded successfully
Number of rows :3 and number of cols :1
  &amp#27;[32mGiven &amp#27;[0m&amp#27;[32mUser is on Sign-In page&amp#27;[0m                                     &amp#27;[90m# parallel.Background_StepDefinitions.user_is_on_sign_in_page()&amp#27;[0m
Properties got loaded successfully
Properties got loaded successfully
  &amp#27;[32mWhen &amp#27;[0m&amp#27;[32mUser enters credentails from &amp#27;[0m&amp#27;[32m&amp#27;[1m"TestData2"&amp#27;[0m&amp#27;[32m, &amp#27;[0m&amp#27;[32m&amp#27;[1m"Sheet1"&amp#27;[0m&amp#27;[32m and &amp#27;[0m&amp#27;[32m&amp#27;[1m"2"&amp#27;[0m&amp#27;[32m in forgot password form&amp#27;[0m                                                                                                                                                      &amp#27;[90m# parallel.ForgotPassword_StepDefinitions.user_enters_data_from_and_in_forgot_password_form(java.lang.String,java.lang.String,java.lang.String)&amp#27;[0m
  &amp#27;[32mAnd &amp#27;[0m&amp#27;[32mUser clicks on &amp#27;[0m&amp#27;[32m&amp#27;[1m"Reset My Password"&amp#27;[0m&amp#27;[32m button&amp#27;[0m                                                                                                                                                                                                &amp#27;[90m# parallel.ForgotPassword_StepDefinitions.user_clicks_on_button(java.lang.String)&amp#27;[0m
  &amp#27;[32mThen &amp#27;[0m&amp#27;[32mUser gets error message as &amp#27;[0m&amp#27;[32m&amp#27;[1m"Please enter a valid email address (Ex: johndoe@domain.com)."&amp#27;[0m                                                                                                                                               &amp#27;[90m# parallel.ForgotPassword_StepDefinitions.user_gets_error_message_as(java.lang.String)&amp#27;[0m
Title :Forgot Your Password?
  &amp#27;[32mAnd &amp#27;[0m&amp#27;[32mUser gets the page title&amp#27;[0m                                                                                                                                                                                                                 &amp#27;[90m# parallel.Background_StepDefinitions.user_gets_the_page_title()&amp#27;[0m
  &amp#27;[32mAnd &amp#27;[0m&amp#27;[32mtitle of the page is &amp#27;[0m&amp#27;[32m&amp#27;[1m"Forgot Your Password?"&amp#27;[0m                                                                                                                                                                                             &amp#27;[90m# parallel.Background_StepDefinitions.title_of_the_page_is(java.lang.String)&amp#27;[0m
  &amp#27;[32mThen &amp#27;[0m&amp#27;[32mEmail label is displayed on sign-in page&amp#27;[0m                     &amp#27;[90m# parallel.SignIn_StepDefinitions.email_label_is_displayed_on_sign_in_page()&amp#27;[0m
Title :Forgot Your Password?
  &amp#27;[32mWhen &amp#27;[0m&amp#27;[32mUser gets the page title&amp#27;[0m                                                &amp#27;[90m# parallel.Background_StepDefinitions.user_gets_the_page_title()&amp#27;[0m
  &amp#27;[32mThen &amp#27;[0m&amp#27;[32mtitle of the page is &amp#27;[0m&amp#27;[32m&amp#27;[1m"Forgot Your Password?"&amp#27;[0m                            &amp#27;[90m# parallel.Background_StepDefinitions.title_of_the_page_is(java.lang.String)&amp#27;[0m
  &amp#27;[32mAnd &amp#27;[0m&amp#27;[32mEmail textbox is displayed on sign-in page&amp#27;[0m                    &amp#27;[90m# parallel.SignIn_StepDefinitions.email_textbox_is_displayed_on_sign_in_page()&amp#27;[0m
  &amp#27;[32mGiven &amp#27;[0m&amp#27;[32mUser is on Sign-In page&amp#27;[0m                                &amp#27;[90m# parallel.Background_StepDefinitions.user_is_on_sign_in_page()&amp#27;[0m
Title :Customer Login
  &amp#27;[32mWhen &amp#27;[0m&amp#27;[32mUser gets the page title&amp#27;[0m                                &amp#27;[90m# parallel.Background_StepDefinitions.user_gets_the_page_title()&amp#27;[0m
  &amp#27;[32mThen &amp#27;[0m&amp#27;[32mtitle of the page is &amp#27;[0m&amp#27;[32m&amp#27;[1m"Customer Login"&amp#27;[0m                   &amp#27;[90m# parallel.Background_StepDefinitions.title_of_the_page_is(java.lang.String)&amp#27;[0m
  &amp#27;[32mAnd &amp#27;[0m&amp#27;[32mPassword label is displayed on sign-in page&amp#27;[0m                   &amp#27;[90m# parallel.SignIn_StepDefinitions.password_label_is_displayed_on_sign_in_page()&amp#27;[0m
  &amp#27;[32mAnd &amp#27;[0m&amp#27;[32mPassword textbox is displayed on sign-in page&amp#27;[0m                 &amp#27;[90m# parallel.SignIn_StepDefinitions.password_textbox_is_displayed_on_sign_in_page()&amp#27;[0m
  &amp#27;[32mAnd &amp#27;[0m&amp#27;[32mForgot Password Link is displayed&amp#27;[0m                             &amp#27;[90m# parallel.SignIn_StepDefinitions.forgot_password_link_is_displayed()&amp#27;[0m
  &amp#27;[32mAnd &amp#27;[0m&amp#27;[32mCreate An Account button is displayed&amp#27;[0m                         &amp#27;[90m# parallel.SignIn_StepDefinitions.create_an_account_button_is_displayed()&amp#27;[0m
  &amp#27;[32mAnd &amp#27;[0m&amp#27;[32mSign-In button is displayed&amp#27;[0m                                   &amp#27;[90m# parallel.SignIn_StepDefinitions.sign_in_button_is_displayed()&amp#27;[0m
  &amp#27;[32mWhen &amp#27;[0m&amp#27;[32mUser enters credentails from &amp#27;[0m&amp#27;[32m&amp#27;[1m"TestData2"&amp#27;[0m&amp#27;[32m, &amp#27;[0m&amp#27;[32m&amp#27;[1m"Sheet2"&amp#27;[0m&amp#27;[32m and &amp#27;[0m&amp#27;[32m&amp#27;[1m"2"&amp#27;[0m&amp#27;[32m in forgot password form&amp#27;[0m                                                                                                                                                                                                       &amp#27;[90m# parallel.ForgotPassword_StepDefinitions.user_enters_data_from_and_in_forgot_password_form(java.lang.String,java.lang.String,java.lang.String)&amp#27;[0m
  &amp#27;[32mGiven &amp#27;[0m&amp#27;[32mUser is on Forgot Password page&amp#27;[0m                                                                                                                                                                                                                                                         &amp#27;[90m# parallel.Background_StepDefinitions.user_is_on_forgot_password_page()&amp#27;[0m
Properties got loaded successfully
Number of rows :3 and number of cols :1
]]></system-out>
    <system-err><![CDATA[SLF4J: Failed to load class "org.slf4j.impl.StaticLoggerBinder".
SLF4J: Defaulting to no-operation (NOP) logger implementation
SLF4J: See http://www.slf4j.org/codes.html#StaticLoggerBinder for further details.
Aug 11, 2024 9:42:35 PM org.openqa.selenium.devtools.CdpVersionFinder findNearestMatch
WARNING: Unable to find an exact match for CDP version 127, returning the closest version; found: 123; Please update to a Selenium version that supports CDP version 127
Aug 11, 2024 9:42:35 PM org.openqa.selenium.devtools.CdpVersionFinder findNearestMatch
WARNING: Unable to find an exact match for CDP version 127, returning the closest version; found: 123; Please update to a Selenium version that supports CDP version 127
Aug 11, 2024 9:42:39 PM org.openqa.selenium.devtools.CdpVersionFinder findNearestMatch
WARNING: Unable to find an exact match for CDP version 127, returning the closest version; found: 123; Please update to a Selenium version that supports CDP version 127
Aug 11, 2024 9:42:39 PM org.openqa.selenium.devtools.CdpVersionFinder findNearestMatch
WARNING: Unable to find an exact match for CDP version 127, returning the closest version; found: 123; Please update to a Selenium version that supports CDP version 127
Aug 11, 2024 9:42:41 PM org.openqa.selenium.devtools.CdpVersionFinder findNearestMatch
WARNING: Unable to find an exact match for CDP version 127, returning the closest version; found: 123; Please update to a Selenium version that supports CDP version 127
Aug 11, 2024 9:42:46 PM org.openqa.selenium.devtools.CdpVersionFinder findNearestMatch
WARNING: Unable to find an exact match for CDP version 127, returning the closest version; found: 123; Please update to a Selenium version that supports CDP version 127
Aug 11, 2024 9:42:53 PM org.openqa.selenium.devtools.CdpVersionFinder findNearestMatch
WARNING: Unable to find an exact match for CDP version 127, returning the closest version; found: 123; Please update to a Selenium version that supports CDP version 127
Aug 11, 2024 9:42:53 PM org.openqa.selenium.devtools.CdpVersionFinder findNearestMatch
WARNING: Unable to find an exact match for CDP version 127, returning the closest version; found: 123; Please update to a Selenium version that supports CDP version 127
Aug 11, 2024 9:42:53 PM org.openqa.selenium.devtools.CdpVersionFinder findNearestMatch
WARNING: Unable to find an exact match for CDP version 127, returning the closest version; found: 123; Please update to a Selenium version that supports CDP version 127
Aug 11, 2024 9:42:56 PM org.openqa.selenium.devtools.CdpVersionFinder findNearestMatch
WARNING: Unable to find an exact match for CDP version 127, returning the closest version; found: 123; Please update to a Selenium version that supports CDP version 127
Aug 11, 2024 9:43:15 PM org.openqa.selenium.remote.http.WebSocket$Listener onError
WARNING: Connection reset
java.net.SocketException: Connection reset
	at java.base/sun.nio.ch.SocketChannelImpl.throwConnectionReset(SocketChannelImpl.java:403)
	at java.base/sun.nio.ch.SocketChannelImpl.implRead(SocketChannelImpl.java:435)
	at java.base/sun.nio.ch.SocketChannelImpl.read(SocketChannelImpl.java:493)
	at java.net.http/jdk.internal.net.http.SocketTube.readAvailable(SocketTube.java:1178)
	at java.net.http/jdk.internal.net.http.SocketTube$InternalReadPublisher$InternalReadSubscription.read(SocketTube.java:841)
	at java.net.http/jdk.internal.net.http.SocketTube$SocketFlowTask.run(SocketTube.java:181)
	at java.net.http/jdk.internal.net.http.common.SequentialScheduler$SchedulableTask.run(SequentialScheduler.java:207)
	at java.net.http/jdk.internal.net.http.common.SequentialScheduler.runOrSchedule(SequentialScheduler.java:280)
	at java.net.http/jdk.internal.net.http.common.SequentialScheduler.runOrSchedule(SequentialScheduler.java:233)
	at java.net.http/jdk.internal.net.http.SocketTube$InternalReadPublisher$InternalReadSubscription.signalReadable(SocketTube.java:782)
	at java.net.http/jdk.internal.net.http.SocketTube$InternalReadPublisher$ReadEvent.signalEvent(SocketTube.java:965)
	at java.net.http/jdk.internal.net.http.SocketTube$SocketFlowEvent.handle(SocketTube.java:253)
	at java.net.http/jdk.internal.net.http.HttpClientImpl$SelectorManager.handleEvent(HttpClientImpl.java:1476)
	at java.net.http/jdk.internal.net.http.HttpClientImpl$SelectorManager.lambda$run$3(HttpClientImpl.java:1421)
	at java.base/java.util.ArrayList.forEach(ArrayList.java:1597)
	at java.net.http/jdk.internal.net.http.HttpClientImpl$SelectorManager.run(HttpClientImpl.java:1421)

]]></system-err>
  </testcase>
  <testcase name="runScenario[&quot;Verify that title of Forgot Password page is &quot;Forgot Your Password?&quot;&quot;, &quot;Forgot Password&quot;](2)" classname="parallel.ParallelTestRunner2" time="4.673">
    <system-out><![CDATA[
Scenario Outline: Validate that user logs in successfully using valid credentials &amp#27;[90m# src/test/resources/parallel/SignIn.feature:56&amp#27;[0m
Properties got loaded successfully
  &amp#27;[32mGiven &amp#27;[0m&amp#27;[32mUser is on Forgot Password page&amp#27;[0m                                                                                                                                                                                                                &amp#27;[90m# parallel.Background_StepDefinitions.user_is_on_forgot_password_page()&amp#27;[0m
Properties got loaded successfully
  &amp#27;[32mWhen &amp#27;[0m&amp#27;[32mUser enters credentails from &amp#27;[0m&amp#27;[32m&amp#27;[1m"TestData2"&amp#27;[0m&amp#27;[32m, &amp#27;[0m&amp#27;[32m&amp#27;[1m"Sheet2"&amp#27;[0m&amp#27;[32m and &amp#27;[0m&amp#27;[32m&amp#27;[1m"1"&amp#27;[0m&amp#27;[32m in forgot password form&amp#27;[0m                                                                                                                                                                                                       &amp#27;[90m# parallel.ForgotPassword_StepDefinitions.user_enters_data_from_and_in_forgot_password_form(java.lang.String,java.lang.String,java.lang.String)&amp#27;[0m
  &amp#27;[32mThen &amp#27;[0m&amp#27;[32mForgot Password label is displayed&amp#27;[0m                                                                                                                                                                                                              &amp#27;[90m# parallel.ForgotPassword_StepDefinitions.user_get_label()&amp#27;[0m
  &amp#27;[32mAnd &amp#27;[0m&amp#27;[32mPlease enter your email address below to receive a password reset link. label is displayed&amp#27;[0m                                                                                                                                                       &amp#27;[90m# parallel.ForgotPassword_StepDefinitions.user_get_label_message()&amp#27;[0m
  &amp#27;[32mAnd &amp#27;[0m&amp#27;[32mEmail label is displayed&amp#27;[0m                                                                                                                                                                                                                         &amp#27;[90m# parallel.ForgotPassword_StepDefinitions.Email_label_is_displayed()&amp#27;[0m
  &amp#27;[32mAnd &amp#27;[0m&amp#27;[32mEmail textbox is displayed&amp#27;[0m                                                                                                                                                                                                                       &amp#27;[90m# parallel.ForgotPassword_StepDefinitions.Email_textbox_is_displayed()&amp#27;[0m
  &amp#27;[32mGiven &amp#27;[0m&amp#27;[32mUser is on Forgot Password page&amp#27;[0m                                                                                                                                                                                                        &amp#27;[90m# parallel.Background_StepDefinitions.user_is_on_forgot_password_page()&amp#27;[0m
Properties got loaded successfully
Number of rows :3 and number of cols :1
  &amp#27;[32mAnd &amp#27;[0m&amp#27;[32mReset My Password button is displayed&amp#27;[0m                                                                                                                                                                                                            &amp#27;[90m# parallel.ForgotPassword_StepDefinitions.Reset_My_Password_button_is_displayed()&amp#27;[0m
  &amp#27;[32mWhen &amp#27;[0m&amp#27;[32mUser enters credentails from &amp#27;[0m&amp#27;[32m&amp#27;[1m"TestData2"&amp#27;[0m&amp#27;[32m, &amp#27;[0m&amp#27;[32m&amp#27;[1m"Sheet1"&amp#27;[0m&amp#27;[32m and &amp#27;[0m&amp#27;[32m&amp#27;[1m"1"&amp#27;[0m&amp#27;[32m in forgot password form&amp#27;[0m                                                                                                                                                      &amp#27;[90m# parallel.ForgotPassword_StepDefinitions.user_enters_data_from_and_in_forgot_password_form(java.lang.String,java.lang.String,java.lang.String)&amp#27;[0m
  &amp#27;[32mAnd &amp#27;[0m&amp#27;[32mUser clicks on &amp#27;[0m&amp#27;[32m&amp#27;[1m"Reset My Password"&amp#27;[0m&amp#27;[32m button&amp#27;[0m                                                                                                                                                                                                &amp#27;[90m# parallel.ForgotPassword_StepDefinitions.user_clicks_on_button(java.lang.String)&amp#27;[0m
  &amp#27;[32mThen &amp#27;[0m&amp#27;[32mUser gets error message as &amp#27;[0m&amp#27;[32m&amp#27;[1m"Please enter a valid email address (Ex: johndoe@domain.com)."&amp#27;[0m                                                                                                                                               &amp#27;[90m# parallel.ForgotPassword_StepDefinitions.user_gets_error_message_as(java.lang.String)&amp#27;[0m
  &amp#27;[32mGiven &amp#27;[0m&amp#27;[32mUser is on Sign-In page&amp#27;[0m                                                   &amp#27;[90m# parallel.Background_StepDefinitions.user_is_on_sign_in_page()&amp#27;[0m
Properties got loaded successfully
Properties got loaded successfully
Title :Forgot Your Password?
  &amp#27;[32mAnd &amp#27;[0m&amp#27;[32mUser gets the page title&amp#27;[0m                                                                                                                                                                                                                 &amp#27;[90m# parallel.Background_StepDefinitions.user_gets_the_page_title()&amp#27;[0m
  &amp#27;[32mAnd &amp#27;[0m&amp#27;[32mtitle of the page is &amp#27;[0m&amp#27;[32m&amp#27;[1m"Forgot Your Password?"&amp#27;[0m                                                                                                                                                                                             &amp#27;[90m# parallel.Background_StepDefinitions.title_of_the_page_is(java.lang.String)&amp#27;[0m
Number of rows :3 and number of cols :2
  &amp#27;[32mWhen &amp#27;[0m&amp#27;[32mUser enters data from &amp#27;[0m&amp#27;[32m&amp#27;[1m"TestData"&amp#27;[0m&amp#27;[32m, &amp#27;[0m&amp#27;[32m&amp#27;[1m"Sheet1"&amp#27;[0m&amp#27;[32m and &amp#27;[0m&amp#27;[32m&amp#27;[1m"1"&amp#27;[0m&amp#27;[32m in sign-in form&amp#27;[0m         &amp#27;[90m# parallel.SignIn_StepDefinitions.user_enters_data_from_and_in_sign_in_form(java.lang.String,java.lang.String,java.lang.String)&amp#27;[0m
]]></system-out>
    <system-err><![CDATA[Aug 11, 2024 9:43:17 PM org.openqa.selenium.remote.http.WebSocket$Listener onError
WARNING: Connection reset
java.net.SocketException: Connection reset
	at java.base/sun.nio.ch.SocketChannelImpl.throwConnectionReset(SocketChannelImpl.java:403)
	at java.base/sun.nio.ch.SocketChannelImpl.implRead(SocketChannelImpl.java:435)
	at java.base/sun.nio.ch.SocketChannelImpl.read(SocketChannelImpl.java:493)
	at java.net.http/jdk.internal.net.http.SocketTube.readAvailable(SocketTube.java:1178)
	at java.net.http/jdk.internal.net.http.SocketTube$InternalReadPublisher$InternalReadSubscription.read(SocketTube.java:841)
	at java.net.http/jdk.internal.net.http.SocketTube$SocketFlowTask.run(SocketTube.java:181)
	at java.net.http/jdk.internal.net.http.common.SequentialScheduler$SchedulableTask.run(SequentialScheduler.java:207)
	at java.net.http/jdk.internal.net.http.common.SequentialScheduler.runOrSchedule(SequentialScheduler.java:280)
	at java.net.http/jdk.internal.net.http.common.SequentialScheduler.runOrSchedule(SequentialScheduler.java:233)
	at java.net.http/jdk.internal.net.http.SocketTube$InternalReadPublisher$InternalReadSubscription.signalReadable(SocketTube.java:782)
	at java.net.http/jdk.internal.net.http.SocketTube$InternalReadPublisher$ReadEvent.signalEvent(SocketTube.java:965)
	at java.net.http/jdk.internal.net.http.SocketTube$SocketFlowEvent.handle(SocketTube.java:253)
	at java.net.http/jdk.internal.net.http.HttpClientImpl$SelectorManager.handleEvent(HttpClientImpl.java:1476)
	at java.net.http/jdk.internal.net.http.HttpClientImpl$SelectorManager.lambda$run$3(HttpClientImpl.java:1421)
	at java.base/java.util.ArrayList.forEach(ArrayList.java:1597)
	at java.net.http/jdk.internal.net.http.HttpClientImpl$SelectorManager.run(HttpClientImpl.java:1421)

Aug 11, 2024 9:43:17 PM org.openqa.selenium.remote.http.WebSocket$Listener onError
WARNING: Connection reset
java.net.SocketException: Connection reset
	at java.base/sun.nio.ch.SocketChannelImpl.throwConnectionReset(SocketChannelImpl.java:403)
	at java.base/sun.nio.ch.SocketChannelImpl.implRead(SocketChannelImpl.java:435)
	at java.base/sun.nio.ch.SocketChannelImpl.read(SocketChannelImpl.java:493)
	at java.net.http/jdk.internal.net.http.SocketTube.readAvailable(SocketTube.java:1178)
	at java.net.http/jdk.internal.net.http.SocketTube$InternalReadPublisher$InternalReadSubscription.read(SocketTube.java:841)
	at java.net.http/jdk.internal.net.http.SocketTube$SocketFlowTask.run(SocketTube.java:181)
	at java.net.http/jdk.internal.net.http.common.SequentialScheduler$SchedulableTask.run(SequentialScheduler.java:207)
	at java.net.http/jdk.internal.net.http.common.SequentialScheduler.runOrSchedule(SequentialScheduler.java:280)
	at java.net.http/jdk.internal.net.http.common.SequentialScheduler.runOrSchedule(SequentialScheduler.java:233)
	at java.net.http/jdk.internal.net.http.SocketTube$InternalReadPublisher$InternalReadSubscription.signalReadable(SocketTube.java:782)
	at java.net.http/jdk.internal.net.http.SocketTube$InternalReadPublisher$ReadEvent.signalEvent(SocketTube.java:965)
	at java.net.http/jdk.internal.net.http.SocketTube$SocketFlowEvent.handle(SocketTube.java:253)
	at java.net.http/jdk.internal.net.http.HttpClientImpl$SelectorManager.handleEvent(HttpClientImpl.java:1476)
	at java.net.http/jdk.internal.net.http.HttpClientImpl$SelectorManager.lambda$run$3(HttpClientImpl.java:1421)
	at java.base/java.util.ArrayList.forEach(ArrayList.java:1597)
	at java.net.http/jdk.internal.net.http.HttpClientImpl$SelectorManager.run(HttpClientImpl.java:1421)

]]></system-err>
  </testcase>
  <testcase name="runScenario[&quot;Validate that Sign-In page title is &quot;Customer Login&quot;&quot;, &quot;SignIn&quot;](3)" classname="parallel.ParallelTestRunner2" time="1.664">
    <system-out><![CDATA[
@Smoke
Scenario Outline: Validate that user is not able to login using invalid credentials &amp#27;[90m# src/test/resources/parallel/SignIn.feature:66&amp#27;[0m
Properties got loaded successfully
  &amp#27;[32mAnd &amp#27;[0m&amp#27;[32mUser clicks on &amp#27;[0m&amp#27;[32m&amp#27;[1m"Reset My Password"&amp#27;[0m&amp#27;[32m button&amp#27;[0m                                                                                                                                                                                                                                                 &amp#27;[90m# parallel.ForgotPassword_StepDefinitions.user_clicks_on_button(java.lang.String)&amp#27;[0m
  &amp#27;[32mThen &amp#27;[0m&amp#27;[32mUser gets success message as &amp#27;[0m&amp#27;[32m&amp#27;[1m"If there is an account associated with razdanamit51@gmail.com you will receive an email with a link to reset your password."&amp#27;[0m                                                                                                                               &amp#27;[90m# parallel.ForgotPassword_StepDefinitions.user_gets_success_message_as(java.lang.String)&amp#27;[0m
Title :Customer Login
  &amp#27;[32mAnd &amp#27;[0m&amp#27;[32mUser gets the page title&amp#27;[0m                                                                                                                                                                                                                                                                  &amp#27;[90m# parallel.Background_StepDefinitions.user_gets_the_page_title()&amp#27;[0m
  &amp#27;[32mAnd &amp#27;[0m&amp#27;[32mtitle of the page is &amp#27;[0m&amp#27;[32m&amp#27;[1m"Customer Login"&amp#27;[0m                                                                                                                                                                                                                                                     &amp#27;[90m# parallel.Background_StepDefinitions.title_of_the_page_is(java.lang.String)&amp#27;[0m
  &amp#27;[32mAnd &amp#27;[0m&amp#27;[32mUser clicks on &amp#27;[0m&amp#27;[32m&amp#27;[1m"Reset My Password"&amp#27;[0m&amp#27;[32m button&amp#27;[0m                                                                                                                                                                                                                                                 &amp#27;[90m# parallel.ForgotPassword_StepDefinitions.user_clicks_on_button(java.lang.String)&amp#27;[0m
  &amp#27;[32mThen &amp#27;[0m&amp#27;[32mUser gets success message as &amp#27;[0m&amp#27;[32m&amp#27;[1m"If there is an account associated with razdanamit51@gmail.com you will receive an email with a link to reset your password."&amp#27;[0m                                                                                                                               &amp#27;[90m# parallel.ForgotPassword_StepDefinitions.user_gets_success_message_as(java.lang.String)&amp#27;[0m
Title :Customer Login
  &amp#27;[32mAnd &amp#27;[0m&amp#27;[32mUser gets the page title&amp#27;[0m                                                                                                                                                                                                                                                                  &amp#27;[90m# parallel.Background_StepDefinitions.user_gets_the_page_title()&amp#27;[0m
  &amp#27;[32mAnd &amp#27;[0m&amp#27;[32mtitle of the page is &amp#27;[0m&amp#27;[32m&amp#27;[1m"Customer Login"&amp#27;[0m                                                                                                                                                                                                                                                     &amp#27;[90m# parallel.Background_StepDefinitions.title_of_the_page_is(java.lang.String)&amp#27;[0m
]]></system-out>
  </testcase>
  <testcase name="runScenario[&quot;Verify that &quot;If there is an account associated with &lt;entered email address&gt; you will receive an email with a link to reset your password.&quot; message is displayed provided user enters valid email address in email address textbox followed by click on Rest my account button&quot;, &quot;Forgot Password&quot;](4)" classname="parallel.ParallelTestRunner2" time="0.474">
    <system-out><![CDATA[
@Smoke
Scenario Outline: Validate that user is not able to login using invalid credentials &amp#27;[90m# src/test/resources/parallel/SignIn.feature:67&amp#27;[0m
Properties got loaded successfully
]]></system-out>
    <system-err><![CDATA[Aug 11, 2024 9:43:22 PM org.openqa.selenium.remote.http.WebSocket$Listener onError
WARNING: Connection reset
java.net.SocketException: Connection reset
	at java.base/sun.nio.ch.SocketChannelImpl.throwConnectionReset(SocketChannelImpl.java:403)
	at java.base/sun.nio.ch.SocketChannelImpl.implRead(SocketChannelImpl.java:435)
	at java.base/sun.nio.ch.SocketChannelImpl.read(SocketChannelImpl.java:493)
	at java.net.http/jdk.internal.net.http.SocketTube.readAvailable(SocketTube.java:1178)
	at java.net.http/jdk.internal.net.http.SocketTube$InternalReadPublisher$InternalReadSubscription.read(SocketTube.java:841)
	at java.net.http/jdk.internal.net.http.SocketTube$SocketFlowTask.run(SocketTube.java:181)
	at java.net.http/jdk.internal.net.http.common.SequentialScheduler$SchedulableTask.run(SequentialScheduler.java:207)
	at java.net.http/jdk.internal.net.http.common.SequentialScheduler.runOrSchedule(SequentialScheduler.java:280)
	at java.net.http/jdk.internal.net.http.common.SequentialScheduler.runOrSchedule(SequentialScheduler.java:233)
	at java.net.http/jdk.internal.net.http.SocketTube$InternalReadPublisher$InternalReadSubscription.signalReadable(SocketTube.java:782)
	at java.net.http/jdk.internal.net.http.SocketTube$InternalReadPublisher$ReadEvent.signalEvent(SocketTube.java:965)
	at java.net.http/jdk.internal.net.http.SocketTube$SocketFlowEvent.handle(SocketTube.java:253)
	at java.net.http/jdk.internal.net.http.HttpClientImpl$SelectorManager.handleEvent(HttpClientImpl.java:1476)
	at java.net.http/jdk.internal.net.http.HttpClientImpl$SelectorManager.lambda$run$3(HttpClientImpl.java:1421)
	at java.base/java.util.ArrayList.forEach(ArrayList.java:1597)
	at java.net.http/jdk.internal.net.http.HttpClientImpl$SelectorManager.run(HttpClientImpl.java:1421)

Aug 11, 2024 9:43:22 PM org.openqa.selenium.remote.http.WebSocket$Listener onError
WARNING: Connection reset
java.net.SocketException: Connection reset
	at java.base/sun.nio.ch.SocketChannelImpl.throwConnectionReset(SocketChannelImpl.java:403)
	at java.base/sun.nio.ch.SocketChannelImpl.implRead(SocketChannelImpl.java:435)
	at java.base/sun.nio.ch.SocketChannelImpl.read(SocketChannelImpl.java:493)
	at java.net.http/jdk.internal.net.http.SocketTube.readAvailable(SocketTube.java:1178)
	at java.net.http/jdk.internal.net.http.SocketTube$InternalReadPublisher$InternalReadSubscription.read(SocketTube.java:841)
	at java.net.http/jdk.internal.net.http.SocketTube$SocketFlowTask.run(SocketTube.java:181)
	at java.net.http/jdk.internal.net.http.common.SequentialScheduler$SchedulableTask.run(SequentialScheduler.java:207)
	at java.net.http/jdk.internal.net.http.common.SequentialScheduler.runOrSchedule(SequentialScheduler.java:280)
	at java.net.http/jdk.internal.net.http.common.SequentialScheduler.runOrSchedule(SequentialScheduler.java:233)
	at java.net.http/jdk.internal.net.http.SocketTube$InternalReadPublisher$InternalReadSubscription.signalReadable(SocketTube.java:782)
	at java.net.http/jdk.internal.net.http.SocketTube$InternalReadPublisher$ReadEvent.signalEvent(SocketTube.java:965)
	at java.net.http/jdk.internal.net.http.SocketTube$SocketFlowEvent.handle(SocketTube.java:253)
	at java.net.http/jdk.internal.net.http.HttpClientImpl$SelectorManager.handleEvent(HttpClientImpl.java:1476)
	at java.net.http/jdk.internal.net.http.HttpClientImpl$SelectorManager.lambda$run$3(HttpClientImpl.java:1421)
	at java.base/java.util.ArrayList.forEach(ArrayList.java:1597)
	at java.net.http/jdk.internal.net.http.HttpClientImpl$SelectorManager.run(HttpClientImpl.java:1421)

]]></system-err>
  </testcase>
  <testcase name="runScenario[&quot;Verify that &quot;Please enter a valid email address (Ex: johndoe@domain.com).&quot; error message is displayed under Email textbox provided user enters Invalid email address in email textbox and clicks on Reset My Password button&quot;, &quot;Forgot Password&quot;](5)" classname="parallel.ParallelTestRunner2" time="1.211">
    <system-err><![CDATA[Aug 11, 2024 9:43:23 PM org.openqa.selenium.remote.http.WebSocket$Listener onError
WARNING: Connection reset
java.net.SocketException: Connection reset
	at java.base/sun.nio.ch.SocketChannelImpl.throwConnectionReset(SocketChannelImpl.java:403)
	at java.base/sun.nio.ch.SocketChannelImpl.implRead(SocketChannelImpl.java:435)
	at java.base/sun.nio.ch.SocketChannelImpl.read(SocketChannelImpl.java:493)
	at java.net.http/jdk.internal.net.http.SocketTube.readAvailable(SocketTube.java:1178)
	at java.net.http/jdk.internal.net.http.SocketTube$InternalReadPublisher$InternalReadSubscription.read(SocketTube.java:841)
	at java.net.http/jdk.internal.net.http.SocketTube$SocketFlowTask.run(SocketTube.java:181)
	at java.net.http/jdk.internal.net.http.common.SequentialScheduler$SchedulableTask.run(SequentialScheduler.java:207)
	at java.net.http/jdk.internal.net.http.common.SequentialScheduler.runOrSchedule(SequentialScheduler.java:280)
	at java.net.http/jdk.internal.net.http.common.SequentialScheduler.runOrSchedule(SequentialScheduler.java:233)
	at java.net.http/jdk.internal.net.http.SocketTube$InternalReadPublisher$InternalReadSubscription.signalReadable(SocketTube.java:782)
	at java.net.http/jdk.internal.net.http.SocketTube$InternalReadPublisher$ReadEvent.signalEvent(SocketTube.java:965)
	at java.net.http/jdk.internal.net.http.SocketTube$SocketFlowEvent.handle(SocketTube.java:253)
	at java.net.http/jdk.internal.net.http.HttpClientImpl$SelectorManager.handleEvent(HttpClientImpl.java:1476)
	at java.net.http/jdk.internal.net.http.HttpClientImpl$SelectorManager.lambda$run$3(HttpClientImpl.java:1421)
	at java.base/java.util.ArrayList.forEach(ArrayList.java:1597)
	at java.net.http/jdk.internal.net.http.HttpClientImpl$SelectorManager.run(HttpClientImpl.java:1421)

Aug 11, 2024 9:43:23 PM org.openqa.selenium.remote.http.WebSocket$Listener onError
WARNING: Connection reset
java.net.SocketException: Connection reset
	at java.base/sun.nio.ch.SocketChannelImpl.throwConnectionReset(SocketChannelImpl.java:403)
	at java.base/sun.nio.ch.SocketChannelImpl.implRead(SocketChannelImpl.java:435)
	at java.base/sun.nio.ch.SocketChannelImpl.read(SocketChannelImpl.java:493)
	at java.net.http/jdk.internal.net.http.SocketTube.readAvailable(SocketTube.java:1178)
	at java.net.http/jdk.internal.net.http.SocketTube$InternalReadPublisher$InternalReadSubscription.read(SocketTube.java:841)
	at java.net.http/jdk.internal.net.http.SocketTube$SocketFlowTask.run(SocketTube.java:181)
	at java.net.http/jdk.internal.net.http.common.SequentialScheduler$SchedulableTask.run(SequentialScheduler.java:207)
	at java.net.http/jdk.internal.net.http.common.SequentialScheduler.runOrSchedule(SequentialScheduler.java:280)
	at java.net.http/jdk.internal.net.http.common.SequentialScheduler.runOrSchedule(SequentialScheduler.java:233)
	at java.net.http/jdk.internal.net.http.SocketTube$InternalReadPublisher$InternalReadSubscription.signalReadable(SocketTube.java:782)
	at java.net.http/jdk.internal.net.http.SocketTube$InternalReadPublisher$ReadEvent.signalEvent(SocketTube.java:965)
	at java.net.http/jdk.internal.net.http.SocketTube$SocketFlowEvent.handle(SocketTube.java:253)
	at java.net.http/jdk.internal.net.http.HttpClientImpl$SelectorManager.handleEvent(HttpClientImpl.java:1476)
	at java.net.http/jdk.internal.net.http.HttpClientImpl$SelectorManager.lambda$run$3(HttpClientImpl.java:1421)
	at java.base/java.util.ArrayList.forEach(ArrayList.java:1597)
	at java.net.http/jdk.internal.net.http.HttpClientImpl$SelectorManager.run(HttpClientImpl.java:1421)

]]></system-err>
  </testcase>
  <testcase name="runScenario[&quot;Validate that Sign-In page form contains below elements:-&quot;, &quot;SignIn&quot;](6)" classname="parallel.ParallelTestRunner2" time="2.88">
    <system-out><![CDATA[Clicked SignIn
  &amp#27;[32mAnd &amp#27;[0m&amp#27;[32mUser clicks Sign-In button&amp#27;[0m                                                  &amp#27;[90m# parallel.SignIn_StepDefinitions.user_clicks_sign_in_button()&amp#27;[0m
Title :Home Page
  &amp#27;[32mAnd &amp#27;[0m&amp#27;[32mUser gets the page title&amp#27;[0m                                                    &amp#27;[90m# parallel.Background_StepDefinitions.user_gets_the_page_title()&amp#27;[0m
  &amp#27;[32mThen &amp#27;[0m&amp#27;[32mtitle of the page is &amp#27;[0m&amp#27;[32m&amp#27;[1m"Home Page"&amp#27;[0m                                           &amp#27;[90m# parallel.Background_StepDefinitions.title_of_the_page_is(java.lang.String)&amp#27;[0m
Properties got loaded successfully
Properties got loaded successfully
]]></system-out>
    <system-err><![CDATA[Aug 11, 2024 9:43:24 PM org.openqa.selenium.devtools.CdpVersionFinder findNearestMatch
WARNING: Unable to find an exact match for CDP version 127, returning the closest version; found: 123; Please update to a Selenium version that supports CDP version 127
Aug 11, 2024 9:43:24 PM org.openqa.selenium.remote.http.WebSocket$Listener onError
WARNING: Connection reset
java.net.SocketException: Connection reset
	at java.base/sun.nio.ch.SocketChannelImpl.throwConnectionReset(SocketChannelImpl.java:403)
	at java.base/sun.nio.ch.SocketChannelImpl.implRead(SocketChannelImpl.java:435)
	at java.base/sun.nio.ch.SocketChannelImpl.read(SocketChannelImpl.java:493)
	at java.net.http/jdk.internal.net.http.SocketTube.readAvailable(SocketTube.java:1178)
	at java.net.http/jdk.internal.net.http.SocketTube$InternalReadPublisher$InternalReadSubscription.read(SocketTube.java:841)
	at java.net.http/jdk.internal.net.http.SocketTube$SocketFlowTask.run(SocketTube.java:181)
	at java.net.http/jdk.internal.net.http.common.SequentialScheduler$SchedulableTask.run(SequentialScheduler.java:207)
	at java.net.http/jdk.internal.net.http.common.SequentialScheduler.runOrSchedule(SequentialScheduler.java:280)
	at java.net.http/jdk.internal.net.http.common.SequentialScheduler.runOrSchedule(SequentialScheduler.java:233)
	at java.net.http/jdk.internal.net.http.SocketTube$InternalReadPublisher$InternalReadSubscription.signalReadable(SocketTube.java:782)
	at java.net.http/jdk.internal.net.http.SocketTube$InternalReadPublisher$ReadEvent.signalEvent(SocketTube.java:965)
	at java.net.http/jdk.internal.net.http.SocketTube$SocketFlowEvent.handle(SocketTube.java:253)
	at java.net.http/jdk.internal.net.http.HttpClientImpl$SelectorManager.handleEvent(HttpClientImpl.java:1476)
	at java.net.http/jdk.internal.net.http.HttpClientImpl$SelectorManager.lambda$run$3(HttpClientImpl.java:1421)
	at java.base/java.util.ArrayList.forEach(ArrayList.java:1597)
	at java.net.http/jdk.internal.net.http.HttpClientImpl$SelectorManager.run(HttpClientImpl.java:1421)

]]></system-err>
  </testcase>
  <testcase name="runScenario[&quot;Verify that user gets below mentioned labels/Fields on &quot;Forgot Password&apos; webpage Labels,&quot;Forgot Password&quot; button,&quot;Please enter your email address below to receive a password reset link.&quot;, &quot;Email&quot; ( with *) and &quot;Reset my Password&quot; button&quot;, &quot;Forgot Password&quot;](7)" classname="parallel.ParallelTestRunner2" time="2.983"/>
  <testcase name="runScenario[&quot;Verify that &quot;If there is an account associated with &lt;entered email address&gt; you will receive an email with a link to reset your password.&quot; message is displayed provided user enters valid email address in email address textbox followed by click on Rest my account button&quot;, &quot;Forgot Password&quot;](8)" classname="parallel.ParallelTestRunner2" time="3.074"/>
  <testcase name="runScenario[&quot;Verify that &quot;This is a required field.&quot; error message is displayed under all Mandatory fields provded user clicks on &quot;Reset my password&quot; button without entering any value in Mandatory field textbox.&quot;, &quot;Forgot Password&quot;](9)" classname="parallel.ParallelTestRunner2" time="4.317">
    <system-out><![CDATA[  &amp#27;[32mGiven &amp#27;[0m&amp#27;[32mUser is on Sign-In page&amp#27;[0m                                                   &amp#27;[90m# parallel.Background_StepDefinitions.user_is_on_sign_in_page()&amp#27;[0m
Properties got loaded successfully
Properties got loaded successfully
Number of rows :3 and number of cols :2
]]></system-out>
  </testcase>
  <testcase name="runScenario[&quot;Validate that user logs in successfully using valid credentials&quot;, &quot;SignIn&quot;](10)" classname="parallel.ParallelTestRunner2" time="9.617">
    <system-out><![CDATA[Properties got loaded successfully
Properties got loaded successfully
Properties got loaded successfully
Properties got loaded successfully
  &amp#27;[32mWhen &amp#27;[0m&amp#27;[32mUser enters data from &amp#27;[0m&amp#27;[32m&amp#27;[1m"TestData"&amp#27;[0m&amp#27;[32m, &amp#27;[0m&amp#27;[32m&amp#27;[1m"Sheet1"&amp#27;[0m&amp#27;[32m and &amp#27;[0m&amp#27;[32m&amp#27;[1m"2"&amp#27;[0m&amp#27;[32m in sign-in form&amp#27;[0m         &amp#27;[90m# parallel.SignIn_StepDefinitions.user_enters_data_from_and_in_sign_in_form(java.lang.String,java.lang.String,java.lang.String)&amp#27;[0m
]]></system-out>
    <system-err><![CDATA[Aug 11, 2024 9:43:27 PM org.openqa.selenium.devtools.CdpVersionFinder findNearestMatch
WARNING: Unable to find an exact match for CDP version 127, returning the closest version; found: 123; Please update to a Selenium version that supports CDP version 127
Aug 11, 2024 9:43:30 PM org.openqa.selenium.devtools.CdpVersionFinder findNearestMatch
WARNING: Unable to find an exact match for CDP version 127, returning the closest version; found: 123; Please update to a Selenium version that supports CDP version 127
Aug 11, 2024 9:43:31 PM org.openqa.selenium.remote.http.WebSocket$Listener onError
WARNING: Connection reset
java.net.SocketException: Connection reset
	at java.base/sun.nio.ch.SocketChannelImpl.throwConnectionReset(SocketChannelImpl.java:403)
	at java.base/sun.nio.ch.SocketChannelImpl.implRead(SocketChannelImpl.java:435)
	at java.base/sun.nio.ch.SocketChannelImpl.read(SocketChannelImpl.java:493)
	at java.net.http/jdk.internal.net.http.SocketTube.readAvailable(SocketTube.java:1178)
	at java.net.http/jdk.internal.net.http.SocketTube$InternalReadPublisher$InternalReadSubscription.read(SocketTube.java:841)
	at java.net.http/jdk.internal.net.http.SocketTube$SocketFlowTask.run(SocketTube.java:181)
	at java.net.http/jdk.internal.net.http.common.SequentialScheduler$SchedulableTask.run(SequentialScheduler.java:207)
	at java.net.http/jdk.internal.net.http.common.SequentialScheduler.runOrSchedule(SequentialScheduler.java:280)
	at java.net.http/jdk.internal.net.http.common.SequentialScheduler.runOrSchedule(SequentialScheduler.java:233)
	at java.net.http/jdk.internal.net.http.SocketTube$InternalReadPublisher$InternalReadSubscription.signalReadable(SocketTube.java:782)
	at java.net.http/jdk.internal.net.http.SocketTube$InternalReadPublisher$ReadEvent.signalEvent(SocketTube.java:965)
	at java.net.http/jdk.internal.net.http.SocketTube$SocketFlowEvent.handle(SocketTube.java:253)
	at java.net.http/jdk.internal.net.http.HttpClientImpl$SelectorManager.handleEvent(HttpClientImpl.java:1476)
	at java.net.http/jdk.internal.net.http.HttpClientImpl$SelectorManager.lambda$run$3(HttpClientImpl.java:1421)
	at java.base/java.util.ArrayList.forEach(ArrayList.java:1597)
	at java.net.http/jdk.internal.net.http.HttpClientImpl$SelectorManager.run(HttpClientImpl.java:1421)

]]></system-err>
  </testcase>
  <testcase name="runScenario[&quot;Validate that user logs in successfully using valid credentials&quot;, &quot;SignIn&quot;](11)" classname="parallel.ParallelTestRunner2" time="13.271">
    <system-out><![CDATA[  &amp#27;[32mGiven &amp#27;[0m&amp#27;[32mUser is on Sign-In page&amp#27;[0m                                                     &amp#27;[90m# parallel.Background_StepDefinitions.user_is_on_sign_in_page()&amp#27;[0m
Properties got loaded successfully
Properties got loaded successfully
Clicked SignIn
  &amp#27;[32mAnd &amp#27;[0m&amp#27;[32mUser clicks Sign-In button&amp#27;[0m                                                  &amp#27;[90m# parallel.SignIn_StepDefinitions.user_clicks_sign_in_button()&amp#27;[0m
Title :Home Page
  &amp#27;[32mAnd &amp#27;[0m&amp#27;[32mUser gets the page title&amp#27;[0m                                                    &amp#27;[90m# parallel.Background_StepDefinitions.user_gets_the_page_title()&amp#27;[0m
  &amp#27;[32mThen &amp#27;[0m&amp#27;[32mtitle of the page is &amp#27;[0m&amp#27;[32m&amp#27;[1m"Home Page"&amp#27;[0m                                           &amp#27;[90m# parallel.Background_StepDefinitions.title_of_the_page_is(java.lang.String)&amp#27;[0m
Number of rows :3 and number of cols :2
]]></system-out>
    <system-err><![CDATA[Aug 11, 2024 9:43:35 PM org.openqa.selenium.remote.http.WebSocket$Listener onError
WARNING: Connection reset
java.net.SocketException: Connection reset
	at java.base/sun.nio.ch.SocketChannelImpl.throwConnectionReset(SocketChannelImpl.java:403)
	at java.base/sun.nio.ch.SocketChannelImpl.implRead(SocketChannelImpl.java:435)
	at java.base/sun.nio.ch.SocketChannelImpl.read(SocketChannelImpl.java:493)
	at java.net.http/jdk.internal.net.http.SocketTube.readAvailable(SocketTube.java:1178)
	at java.net.http/jdk.internal.net.http.SocketTube$InternalReadPublisher$InternalReadSubscription.read(SocketTube.java:841)
	at java.net.http/jdk.internal.net.http.SocketTube$SocketFlowTask.run(SocketTube.java:181)
	at java.net.http/jdk.internal.net.http.common.SequentialScheduler$SchedulableTask.run(SequentialScheduler.java:207)
	at java.net.http/jdk.internal.net.http.common.SequentialScheduler.runOrSchedule(SequentialScheduler.java:280)
	at java.net.http/jdk.internal.net.http.common.SequentialScheduler.runOrSchedule(SequentialScheduler.java:233)
	at java.net.http/jdk.internal.net.http.SocketTube$InternalReadPublisher$InternalReadSubscription.signalReadable(SocketTube.java:782)
	at java.net.http/jdk.internal.net.http.SocketTube$InternalReadPublisher$ReadEvent.signalEvent(SocketTube.java:965)
	at java.net.http/jdk.internal.net.http.SocketTube$SocketFlowEvent.handle(SocketTube.java:253)
	at java.net.http/jdk.internal.net.http.HttpClientImpl$SelectorManager.handleEvent(HttpClientImpl.java:1476)
	at java.net.http/jdk.internal.net.http.HttpClientImpl$SelectorManager.lambda$run$3(HttpClientImpl.java:1421)
	at java.base/java.util.ArrayList.forEach(ArrayList.java:1597)
	at java.net.http/jdk.internal.net.http.HttpClientImpl$SelectorManager.run(HttpClientImpl.java:1421)

]]></system-err>
  </testcase>
  <testcase name="runScenario[&quot;Validate that user is not able to login using invalid credentials&quot;, &quot;SignIn&quot;](12)" classname="parallel.ParallelTestRunner2" time="17.156">
    <system-out><![CDATA[  &amp#27;[32mWhen &amp#27;[0m&amp#27;[32mUser enters data from &amp#27;[0m&amp#27;[32m&amp#27;[1m"TestData"&amp#27;[0m&amp#27;[32m, &amp#27;[0m&amp#27;[32m&amp#27;[1m"Sheet2"&amp#27;[0m&amp#27;[32m and &amp#27;[0m&amp#27;[32m&amp#27;[1m"1"&amp#27;[0m&amp#27;[32m in sign-in form&amp#27;[0m           &amp#27;[90m# parallel.SignIn_StepDefinitions.user_enters_data_from_and_in_sign_in_form(java.lang.String,java.lang.String,java.lang.String)&amp#27;[0m
  &amp#27;[32mGiven &amp#27;[0m&amp#27;[32mUser is on Sign-In page&amp#27;[0m                                                     &amp#27;[90m# parallel.Background_StepDefinitions.user_is_on_sign_in_page()&amp#27;[0m
Properties got loaded successfully
Properties got loaded successfully
Number of rows :3 and number of cols :2
  &amp#27;[32mWhen &amp#27;[0m&amp#27;[32mUser enters data from &amp#27;[0m&amp#27;[32m&amp#27;[1m"TestData"&amp#27;[0m&amp#27;[32m, &amp#27;[0m&amp#27;[32m&amp#27;[1m"Sheet2"&amp#27;[0m&amp#27;[32m and &amp#27;[0m&amp#27;[32m&amp#27;[1m"2"&amp#27;[0m&amp#27;[32m in sign-in form&amp#27;[0m           &amp#27;[90m# parallel.SignIn_StepDefinitions.user_enters_data_from_and_in_sign_in_form(java.lang.String,java.lang.String,java.lang.String)&amp#27;[0m
Clicked SignIn
  &amp#27;[32mAnd &amp#27;[0m&amp#27;[32mUser clicks Sign-In button&amp#27;[0m                                                    &amp#27;[90m# parallel.SignIn_StepDefinitions.user_clicks_sign_in_button()&amp#27;[0m
Title :Customer Login
  &amp#27;[32mAnd &amp#27;[0m&amp#27;[32mUser gets the page title&amp#27;[0m                                                      &amp#27;[90m# parallel.Background_StepDefinitions.user_gets_the_page_title()&amp#27;[0m
  &amp#27;[32mThen &amp#27;[0m&amp#27;[32mtitle of the page is &amp#27;[0m&amp#27;[32m&amp#27;[1m"Customer Login"&amp#27;[0m                                        &amp#27;[90m# parallel.Background_StepDefinitions.title_of_the_page_is(java.lang.String)&amp#27;[0m
]]></system-out>
    <system-err><![CDATA[Aug 11, 2024 9:43:39 PM org.openqa.selenium.remote.http.WebSocket$Listener onError
WARNING: Connection reset
java.net.SocketException: Connection reset
	at java.base/sun.nio.ch.SocketChannelImpl.throwConnectionReset(SocketChannelImpl.java:403)
	at java.base/sun.nio.ch.SocketChannelImpl.implRead(SocketChannelImpl.java:435)
	at java.base/sun.nio.ch.SocketChannelImpl.read(SocketChannelImpl.java:493)
	at java.net.http/jdk.internal.net.http.SocketTube.readAvailable(SocketTube.java:1178)
	at java.net.http/jdk.internal.net.http.SocketTube$InternalReadPublisher$InternalReadSubscription.read(SocketTube.java:841)
	at java.net.http/jdk.internal.net.http.SocketTube$SocketFlowTask.run(SocketTube.java:181)
	at java.net.http/jdk.internal.net.http.common.SequentialScheduler$SchedulableTask.run(SequentialScheduler.java:207)
	at java.net.http/jdk.internal.net.http.common.SequentialScheduler.runOrSchedule(SequentialScheduler.java:280)
	at java.net.http/jdk.internal.net.http.common.SequentialScheduler.runOrSchedule(SequentialScheduler.java:233)
	at java.net.http/jdk.internal.net.http.SocketTube$InternalReadPublisher$InternalReadSubscription.signalReadable(SocketTube.java:782)
	at java.net.http/jdk.internal.net.http.SocketTube$InternalReadPublisher$ReadEvent.signalEvent(SocketTube.java:965)
	at java.net.http/jdk.internal.net.http.SocketTube$SocketFlowEvent.handle(SocketTube.java:253)
	at java.net.http/jdk.internal.net.http.HttpClientImpl$SelectorManager.handleEvent(HttpClientImpl.java:1476)
	at java.net.http/jdk.internal.net.http.HttpClientImpl$SelectorManager.lambda$run$3(HttpClientImpl.java:1421)
	at java.base/java.util.ArrayList.forEach(ArrayList.java:1597)
	at java.net.http/jdk.internal.net.http.HttpClientImpl$SelectorManager.run(HttpClientImpl.java:1421)

]]></system-err>
  </testcase>
  <testcase name="runScenario[&quot;Validate that user is not able to login using invalid credentials&quot;, &quot;SignIn&quot;](13)" classname="parallel.ParallelTestRunner2" time="17.549">
    <system-out><![CDATA[Clicked SignIn
  &amp#27;[32mAnd &amp#27;[0m&amp#27;[32mUser clicks Sign-In button&amp#27;[0m                                                    &amp#27;[90m# parallel.SignIn_StepDefinitions.user_clicks_sign_in_button()&amp#27;[0m
Title :Customer Login
  &amp#27;[32mAnd &amp#27;[0m&amp#27;[32mUser gets the page title&amp#27;[0m                                                      &amp#27;[90m# parallel.Background_StepDefinitions.user_gets_the_page_title()&amp#27;[0m
  &amp#27;[32mThen &amp#27;[0m&amp#27;[32mtitle of the page is &amp#27;[0m&amp#27;[32m&amp#27;[1m"Customer Login"&amp#27;[0m                                        &amp#27;[90m# parallel.Background_StepDefinitions.title_of_the_page_is(java.lang.String)&amp#27;[0m
]]></system-out>
    <system-err><![CDATA[Aug 11, 2024 9:43:39 PM org.openqa.selenium.remote.http.WebSocket$Listener onError
WARNING: Connection reset
java.net.SocketException: Connection reset
	at java.base/sun.nio.ch.SocketChannelImpl.throwConnectionReset(SocketChannelImpl.java:403)
	at java.base/sun.nio.ch.SocketChannelImpl.implRead(SocketChannelImpl.java:435)
	at java.base/sun.nio.ch.SocketChannelImpl.read(SocketChannelImpl.java:493)
	at java.net.http/jdk.internal.net.http.SocketTube.readAvailable(SocketTube.java:1178)
	at java.net.http/jdk.internal.net.http.SocketTube$InternalReadPublisher$InternalReadSubscription.read(SocketTube.java:841)
	at java.net.http/jdk.internal.net.http.SocketTube$SocketFlowTask.run(SocketTube.java:181)
	at java.net.http/jdk.internal.net.http.common.SequentialScheduler$SchedulableTask.run(SequentialScheduler.java:207)
	at java.net.http/jdk.internal.net.http.common.SequentialScheduler.runOrSchedule(SequentialScheduler.java:280)
	at java.net.http/jdk.internal.net.http.common.SequentialScheduler.runOrSchedule(SequentialScheduler.java:233)
	at java.net.http/jdk.internal.net.http.SocketTube$InternalReadPublisher$InternalReadSubscription.signalReadable(SocketTube.java:782)
	at java.net.http/jdk.internal.net.http.SocketTube$InternalReadPublisher$ReadEvent.signalEvent(SocketTube.java:965)
	at java.net.http/jdk.internal.net.http.SocketTube$SocketFlowEvent.handle(SocketTube.java:253)
	at java.net.http/jdk.internal.net.http.HttpClientImpl$SelectorManager.handleEvent(HttpClientImpl.java:1476)
	at java.net.http/jdk.internal.net.http.HttpClientImpl$SelectorManager.lambda$run$3(HttpClientImpl.java:1421)
	at java.base/java.util.ArrayList.forEach(ArrayList.java:1597)
	at java.net.http/jdk.internal.net.http.HttpClientImpl$SelectorManager.run(HttpClientImpl.java:1421)

]]></system-err>
  </testcase>
</testsuite>